<?xml version="1.0" encoding="UTF-8"?>
<coverage generated="1684228373850" clover="3.2.0">
  <project timestamp="1684228373851" name="All files">
    <metrics statements="148" coveredstatements="148" conditionals="49" coveredconditionals="49" methods="43" coveredmethods="43" elements="240" coveredelements="240" complexity="0" loc="148" ncloc="148" packages="2" files="8" classes="8"/>
    <package name="src">
      <metrics statements="95" coveredstatements="95" conditionals="6" coveredconditionals="6" methods="33" coveredmethods="33"/>
      <file name="Lot.ts" path="/Users/malindaperera/Documents/Projects/interviews/sahaj/src/Lot.ts">
        <metrics statements="47" coveredstatements="47" conditionals="4" coveredconditionals="4" methods="13" coveredmethods="13"/>
        <line num="2" count="1" type="stmt"/>
        <line num="3" count="1" type="stmt"/>
        <line num="4" count="1" type="stmt"/>
        <line num="5" count="1" type="stmt"/>
        <line num="7" count="1" type="stmt"/>
        <line num="8" count="4" type="stmt"/>
        <line num="9" count="4" type="stmt"/>
        <line num="12" count="4" type="stmt"/>
        <line num="13" count="4" type="stmt"/>
        <line num="16" count="1" type="stmt"/>
        <line num="18" count="2908" type="stmt"/>
        <line num="19" count="2908" type="cond" truecount="3" falsecount="0"/>
        <line num="20" count="16" type="stmt"/>
        <line num="22" count="16" type="stmt"/>
        <line num="32" count="1" type="stmt"/>
        <line num="35" count="1" type="stmt"/>
        <line num="37" count="15" type="stmt"/>
        <line num="38" count="15" type="stmt"/>
        <line num="41" count="15" type="stmt"/>
        <line num="44" count="15" type="stmt"/>
        <line num="47" count="24" type="stmt"/>
        <line num="48" count="24" type="cond" truecount="1" falsecount="0"/>
        <line num="49" count="15" type="stmt"/>
        <line num="50" count="15" type="stmt"/>
        <line num="55" count="15" type="stmt"/>
        <line num="65" count="1" type="stmt"/>
        <line num="66" count="4" type="stmt"/>
        <line num="67" count="4" type="stmt"/>
        <line num="68" count="4" type="stmt"/>
        <line num="70" count="4" type="stmt"/>
        <line num="72" count="1" type="stmt"/>
        <line num="73" count="4" type="stmt"/>
        <line num="74" count="4" type="stmt"/>
        <line num="77" count="1" type="stmt"/>
        <line num="78" count="3" type="stmt"/>
        <line num="79" count="3" type="stmt"/>
        <line num="82" count="1" type="stmt"/>
        <line num="83" count="1" type="stmt"/>
        <line num="84" count="1" type="stmt"/>
        <line num="87" count="1" type="stmt"/>
        <line num="88" count="4" type="stmt"/>
        <line num="92" count="1302" type="stmt"/>
        <line num="96" count="2080" type="stmt"/>
        <line num="100" count="10" type="stmt"/>
        <line num="104" count="4" type="stmt"/>
        <line num="106" count="1" type="stmt"/>
        <line num="107" count="1" type="stmt"/>
      </file>
      <file name="Reciept.ts" path="/Users/malindaperera/Documents/Projects/interviews/sahaj/src/Reciept.ts">
        <metrics statements="11" coveredstatements="11" conditionals="0" coveredconditionals="0" methods="5" coveredmethods="5"/>
        <line num="3" count="1" type="stmt"/>
        <line num="5" count="15" type="stmt"/>
        <line num="6" count="15" type="stmt"/>
        <line num="7" count="15" type="stmt"/>
        <line num="10" count="1" type="stmt"/>
        <line num="11" count="15" type="stmt"/>
        <line num="14" count="1" type="stmt"/>
        <line num="15" count="30" type="stmt"/>
        <line num="18" count="1" type="stmt"/>
        <line num="19" count="15" type="stmt"/>
        <line num="21" count="1" type="stmt"/>
      </file>
      <file name="Spot.ts" path="/Users/malindaperera/Documents/Projects/interviews/sahaj/src/Spot.ts">
        <metrics statements="12" coveredstatements="12" conditionals="0" coveredconditionals="0" methods="6" coveredmethods="6"/>
        <line num="3" count="1" type="stmt"/>
        <line num="4" count="3392" type="stmt"/>
        <line num="7" count="3392" type="stmt"/>
        <line num="8" count="3392" type="stmt"/>
        <line num="11" count="1" type="stmt"/>
        <line num="12" count="28" type="stmt"/>
        <line num="16" count="31" type="stmt"/>
        <line num="19" count="1" type="stmt"/>
        <line num="20" count="2908" type="stmt"/>
        <line num="23" count="1" type="stmt"/>
        <line num="24" count="40" type="stmt"/>
        <line num="26" count="1" type="stmt"/>
      </file>
      <file name="Ticket.ts" path="/Users/malindaperera/Documents/Projects/interviews/sahaj/src/Ticket.ts">
        <metrics statements="18" coveredstatements="18" conditionals="0" coveredconditionals="0" methods="8" coveredmethods="8"/>
        <line num="3" count="1" type="stmt"/>
        <line num="4" count="16" type="stmt"/>
        <line num="7" count="16" type="stmt"/>
        <line num="8" count="16" type="stmt"/>
        <line num="9" count="16" type="stmt"/>
        <line num="10" count="16" type="stmt"/>
        <line num="13" count="1" type="stmt"/>
        <line num="14" count="16" type="stmt"/>
        <line num="17" count="1" type="stmt"/>
        <line num="18" count="31" type="stmt"/>
        <line num="21" count="1" type="stmt"/>
        <line num="22" count="46" type="stmt"/>
        <line num="25" count="1" type="stmt"/>
        <line num="26" count="40" type="stmt"/>
        <line num="29" count="1" type="stmt"/>
        <line num="30" count="46" type="stmt"/>
        <line num="34" count="15" type="stmt"/>
        <line num="36" count="1" type="stmt"/>
      </file>
      <file name="Vehicle.ts" path="/Users/malindaperera/Documents/Projects/interviews/sahaj/src/Vehicle.ts">
        <metrics statements="7" coveredstatements="7" conditionals="2" coveredconditionals="2" methods="1" coveredmethods="1"/>
        <line num="1" count="4" type="cond" truecount="2" falsecount="0"/>
        <line num="2" count="4" type="stmt"/>
        <line num="3" count="4" type="stmt"/>
        <line num="4" count="4" type="stmt"/>
        <line num="5" count="4" type="stmt"/>
        <line num="6" count="4" type="stmt"/>
        <line num="7" count="4" type="stmt"/>
      </file>
    </package>
    <package name="src.fee-processors">
      <metrics statements="53" coveredstatements="53" conditionals="43" coveredconditionals="43" methods="10" coveredmethods="10"/>
      <file name="AirportFeeProcessor.ts" path="/Users/malindaperera/Documents/Projects/interviews/sahaj/src/fee-processors/AirportFeeProcessor.ts">
        <metrics statements="23" coveredstatements="23" conditionals="20" coveredconditionals="20" methods="4" coveredmethods="4"/>
        <line num="2" count="2" type="stmt"/>
        <line num="4" count="2" type="stmt"/>
        <line num="5" count="2" type="stmt"/>
        <line num="6" count="43" type="stmt"/>
        <line num="8" count="43" type="cond" truecount="5" falsecount="0"/>
        <line num="11" count="23" type="stmt"/>
        <line num="14" count="19" type="stmt"/>
        <line num="16" count="1" type="stmt"/>
        <line num="20" count="2" type="stmt"/>
        <line num="21" count="23" type="cond" truecount="3" falsecount="0"/>
        <line num="22" count="5" type="stmt"/>
        <line num="25" count="18" type="cond" truecount="3" falsecount="0"/>
        <line num="26" count="4" type="stmt"/>
        <line num="29" count="14" type="cond" truecount="3" falsecount="0"/>
        <line num="30" count="5" type="stmt"/>
        <line num="33" count="9" type="stmt"/>
        <line num="36" count="2" type="stmt"/>
        <line num="37" count="19" type="cond" truecount="3" falsecount="0"/>
        <line num="38" count="5" type="stmt"/>
        <line num="41" count="14" type="cond" truecount="3" falsecount="0"/>
        <line num="42" count="5" type="stmt"/>
        <line num="45" count="9" type="stmt"/>
        <line num="47" count="2" type="stmt"/>
      </file>
      <file name="MallFeeProcessor.ts" path="/Users/malindaperera/Documents/Projects/interviews/sahaj/src/fee-processors/MallFeeProcessor.ts">
        <metrics statements="9" coveredstatements="9" conditionals="6" coveredconditionals="6" methods="2" coveredmethods="2"/>
        <line num="3" count="2" type="stmt"/>
        <line num="5" count="2" type="stmt"/>
        <line num="6" count="2" type="stmt"/>
        <line num="7" count="17" type="stmt"/>
        <line num="9" count="17" type="cond" truecount="6" falsecount="0"/>
        <line num="12" count="7" type="stmt"/>
        <line num="15" count="5" type="stmt"/>
        <line num="18" count="5" type="stmt"/>
        <line num="21" count="2" type="stmt"/>
      </file>
      <file name="StadiumFeeProcessor.ts" path="/Users/malindaperera/Documents/Projects/interviews/sahaj/src/fee-processors/StadiumFeeProcessor.ts">
        <metrics statements="21" coveredstatements="21" conditionals="17" coveredconditionals="17" methods="4" coveredmethods="4"/>
        <line num="2" count="2" type="stmt"/>
        <line num="4" count="2" type="stmt"/>
        <line num="5" count="2" type="stmt"/>
        <line num="6" count="27" type="stmt"/>
        <line num="8" count="27" type="cond" truecount="5" falsecount="0"/>
        <line num="11" count="14" type="stmt"/>
        <line num="14" count="12" type="stmt"/>
        <line num="16" count="1" type="stmt"/>
        <line num="20" count="2" type="stmt"/>
        <line num="21" count="14" type="cond" truecount="3" falsecount="0"/>
        <line num="22" count="5" type="stmt"/>
        <line num="25" count="9" type="cond" truecount="3" falsecount="0"/>
        <line num="26" count="4" type="stmt"/>
        <line num="29" count="5" type="stmt"/>
        <line num="32" count="2" type="stmt"/>
        <line num="33" count="12" type="cond" truecount="3" falsecount="0"/>
        <line num="34" count="4" type="stmt"/>
        <line num="37" count="8" type="cond" truecount="3" falsecount="0"/>
        <line num="38" count="5" type="stmt"/>
        <line num="41" count="3" type="stmt"/>
        <line num="43" count="2" type="stmt"/>
      </file>
    </package>
  </project>
</coverage>
