{"/Users/malindaperera/Documents/Projects/interviews/sahaj/src/Lot.ts": {"path":"/Users/malindaperera/Documents/Projects/interviews/sahaj/src/Lot.ts","statementMap":{"0":{"start":{"line":2,"column":0},"end":{"line":2,"column":36}},"1":{"start":{"line":3,"column":0},"end":{"line":3,"column":30}},"2":{"start":{"line":4,"column":0},"end":{"line":4,"column":34}},"3":{"start":{"line":5,"column":0},"end":{"line":5,"column":36}},"4":{"start":{"line":7,"column":0},"end":{"line":7,"column":null}},"5":{"start":{"line":12,"column":21},"end":{"line":12,"column":34}},"6":{"start":{"line":13,"column":21},"end":{"line":13,"column":48}},"7":{"start":{"line":8,"column":10},"end":{"line":8,"column":38}},"8":{"start":{"line":9,"column":10},"end":{"line":9,"column":39}},"9":{"start":{"line":16,"column":2},"end":{"line":33,"column":null}},"10":{"start":{"line":18,"column":4},"end":{"line":29,"column":null}},"11":{"start":{"line":18,"column":23},"end":{"line":18,"column":27}},"12":{"start":{"line":18,"column":23},"end":{"line":18,"column":33}},"13":{"start":{"line":18,"column":19},"end":{"line":18,"column":23}},"14":{"start":{"line":19,"column":6},"end":{"line":28,"column":null}},"15":{"start":{"line":20,"column":8},"end":{"line":20,"column":33}},"16":{"start":{"line":22,"column":8},"end":{"line":27,"column":10}},"17":{"start":{"line":32,"column":4},"end":{"line":32,"column":57}},"18":{"start":{"line":35,"column":2},"end":{"line":60,"column":null}},"19":{"start":{"line":37,"column":25},"end":{"line":37,"column":35}},"20":{"start":{"line":38,"column":4},"end":{"line":38,"column":39}},"21":{"start":{"line":41,"column":6},"end":{"line":41,"column":77}},"22":{"start":{"line":44,"column":16},"end":{"line":44,"column":70}},"23":{"start":{"line":47,"column":4},"end":{"line":52,"column":null}},"24":{"start":{"line":47,"column":23},"end":{"line":47,"column":27}},"25":{"start":{"line":47,"column":23},"end":{"line":47,"column":33}},"26":{"start":{"line":47,"column":19},"end":{"line":47,"column":23}},"27":{"start":{"line":48,"column":6},"end":{"line":51,"column":null}},"28":{"start":{"line":49,"column":8},"end":{"line":49,"column":32}},"29":{"start":{"line":50,"column":8},"end":{"line":50,"column":14}},"30":{"start":{"line":55,"column":4},"end":{"line":59,"column":6}},"31":{"start":{"line":65,"column":9},"end":{"line":65,"column":19}},"32":{"start":{"line":70,"column":33},"end":{"line":70,"column":60}},"33":{"start":{"line":66,"column":12},"end":{"line":66,"column":27}},"34":{"start":{"line":67,"column":12},"end":{"line":67,"column":28}},"35":{"start":{"line":68,"column":12},"end":{"line":68,"column":27}},"36":{"start":{"line":72,"column":4},"end":{"line":75,"column":null}},"37":{"start":{"line":73,"column":6},"end":{"line":73,"column":30}},"38":{"start":{"line":74,"column":6},"end":{"line":74,"column":18}},"39":{"start":{"line":77,"column":4},"end":{"line":80,"column":null}},"40":{"start":{"line":78,"column":6},"end":{"line":78,"column":31}},"41":{"start":{"line":79,"column":6},"end":{"line":79,"column":18}},"42":{"start":{"line":82,"column":4},"end":{"line":85,"column":null}},"43":{"start":{"line":83,"column":6},"end":{"line":83,"column":30}},"44":{"start":{"line":84,"column":6},"end":{"line":84,"column":18}},"45":{"start":{"line":87,"column":4},"end":{"line":105,"column":null}},"46":{"start":{"line":88,"column":17},"end":{"line":101,"column":null}},"47":{"start":{"line":92,"column":12},"end":{"line":92,"column":null}},"48":{"start":{"line":96,"column":24},"end":{"line":96,"column":null}},"49":{"start":{"line":100,"column":24},"end":{"line":100,"column":null}},"50":{"start":{"line":104,"column":6},"end":{"line":104,"column":47}},"51":{"start":{"line":106,"column":2},"end":{"line":106,"column":4}},"52":{"start":{"line":107,"column":0},"end":{"line":107,"column":null}}},"fnMap":{"0":{"name":"(anonymous_1)","decl":{"start":{"line":7,"column":0},"end":{"line":7,"column":null}},"loc":{"start":{"line":7,"column":0},"end":{"line":7,"column":null}}},"1":{"name":"Lot","decl":{"start":{"line":11,"column":2},"end":{"line":11,"column":null}},"loc":{"start":{"line":13,"column":48},"end":{"line":14,"column":6}}},"2":{"name":"(anonymous_3)","decl":{"start":{"line":16,"column":2},"end":{"line":16,"column":6}},"loc":{"start":{"line":16,"column":23},"end":{"line":33,"column":3}}},"3":{"name":"(anonymous_4)","decl":{"start":{"line":35,"column":2},"end":{"line":35,"column":8}},"loc":{"start":{"line":35,"column":23},"end":{"line":60,"column":3}}},"4":{"name":"(anonymous_5)","decl":{"start":{"line":65,"column":16},"end":{"line":65,"column":19}},"loc":{"start":{"line":65,"column":16},"end":{"line":106,"column":null}}},"5":{"name":"Builder","decl":{"start":{"line":70,"column":4},"end":{"line":70,"column":33}},"loc":{"start":{"line":70,"column":60},"end":{"line":70,"column":64}}},"6":{"name":"(anonymous_7)","decl":{"start":{"line":72,"column":4},"end":{"line":72,"column":17}},"loc":{"start":{"line":72,"column":31},"end":{"line":75,"column":5}}},"7":{"name":"(anonymous_8)","decl":{"start":{"line":77,"column":4},"end":{"line":77,"column":18}},"loc":{"start":{"line":77,"column":32},"end":{"line":80,"column":5}}},"8":{"name":"(anonymous_9)","decl":{"start":{"line":82,"column":4},"end":{"line":82,"column":17}},"loc":{"start":{"line":82,"column":31},"end":{"line":85,"column":5}}},"9":{"name":"(anonymous_10)","decl":{"start":{"line":87,"column":4},"end":{"line":87,"column":9}},"loc":{"start":{"line":87,"column":4},"end":{"line":105,"column":5}}},"10":{"name":"(anonymous_11)","decl":{"start":{"line":91,"column":10},"end":{"line":91,"column":11}},"loc":{"start":{"line":91,"column":19},"end":{"line":92,"column":16}}},"11":{"name":"(anonymous_12)","decl":{"start":{"line":96,"column":10},"end":{"line":96,"column":11}},"loc":{"start":{"line":96,"column":19},"end":{"line":96,"column":28}}},"12":{"name":"(anonymous_13)","decl":{"start":{"line":100,"column":10},"end":{"line":100,"column":11}},"loc":{"start":{"line":100,"column":19},"end":{"line":100,"column":28}}}},"branchMap":{"0":{"loc":{"start":{"line":19,"column":6},"end":{"line":28,"column":null}},"type":"if","locations":[{"start":{"line":19,"column":6},"end":{"line":28,"column":null}}]},"1":{"loc":{"start":{"line":19,"column":10},"end":{"line":19,"column":65}},"type":"binary-expr","locations":[{"start":{"line":19,"column":10},"end":{"line":19,"column":45}},{"start":{"line":19,"column":49},"end":{"line":19,"column":65}}]},"2":{"loc":{"start":{"line":48,"column":6},"end":{"line":51,"column":null}},"type":"if","locations":[{"start":{"line":48,"column":6},"end":{"line":51,"column":null}}]}},"s":{"0":1,"1":1,"2":1,"3":1,"4":1,"5":4,"6":4,"7":4,"8":4,"9":1,"10":17,"11":17,"12":17,"13":2908,"14":2908,"15":16,"16":16,"17":1,"18":1,"19":15,"20":15,"21":15,"22":15,"23":15,"24":15,"25":15,"26":24,"27":24,"28":15,"29":15,"30":15,"31":1,"32":4,"33":4,"34":4,"35":4,"36":1,"37":4,"38":4,"39":1,"40":3,"41":3,"42":1,"43":1,"44":1,"45":1,"46":4,"47":1302,"48":2080,"49":10,"50":4,"51":1,"52":1},"f":{"0":1,"1":4,"2":17,"3":15,"4":1,"5":4,"6":4,"7":3,"8":1,"9":4,"10":1302,"11":2080,"12":10},"b":{"0":[16],"1":[2908,28],"2":[15]}}
,"/Users/malindaperera/Documents/Projects/interviews/sahaj/src/Reciept.ts": {"path":"/Users/malindaperera/Documents/Projects/interviews/sahaj/src/Reciept.ts","statementMap":{"0":{"start":{"line":3,"column":0},"end":{"line":3,"column":13}},"1":{"start":{"line":5,"column":21},"end":{"line":5,"column":39}},"2":{"start":{"line":6,"column":21},"end":{"line":6,"column":36}},"3":{"start":{"line":7,"column":21},"end":{"line":7,"column":33}},"4":{"start":{"line":10,"column":2},"end":{"line":12,"column":null}},"5":{"start":{"line":11,"column":4},"end":{"line":11,"column":27}},"6":{"start":{"line":14,"column":2},"end":{"line":16,"column":null}},"7":{"start":{"line":15,"column":4},"end":{"line":15,"column":24}},"8":{"start":{"line":18,"column":2},"end":{"line":20,"column":null}},"9":{"start":{"line":19,"column":4},"end":{"line":19,"column":21}},"10":{"start":{"line":21,"column":0},"end":{"line":21,"column":null}},"11":{"start":{"line":3,"column":13},"end":{"line":3,"column":20}}},"fnMap":{"0":{"name":"(anonymous_0)","decl":{"start":{"line":3,"column":0},"end":{"line":3,"column":13}},"loc":{"start":{"line":3,"column":0},"end":{"line":21,"column":null}}},"1":{"name":"Reciept","decl":{"start":{"line":4,"column":2},"end":{"line":4,"column":null}},"loc":{"start":{"line":7,"column":33},"end":{"line":8,"column":6}}},"2":{"name":"(anonymous_2)","decl":{"start":{"line":10,"column":2},"end":{"line":10,"column":6}},"loc":{"start":{"line":10,"column":2},"end":{"line":12,"column":3}}},"3":{"name":"(anonymous_3)","decl":{"start":{"line":14,"column":2},"end":{"line":14,"column":6}},"loc":{"start":{"line":14,"column":2},"end":{"line":16,"column":3}}},"4":{"name":"(anonymous_4)","decl":{"start":{"line":18,"column":2},"end":{"line":18,"column":6}},"loc":{"start":{"line":18,"column":2},"end":{"line":20,"column":3}}}},"branchMap":{},"s":{"0":1,"1":15,"2":15,"3":15,"4":1,"5":15,"6":1,"7":30,"8":1,"9":15,"10":1,"11":1},"f":{"0":1,"1":15,"2":15,"3":30,"4":15},"b":{}}
,"/Users/malindaperera/Documents/Projects/interviews/sahaj/src/Spot.ts": {"path":"/Users/malindaperera/Documents/Projects/interviews/sahaj/src/Spot.ts","statementMap":{"0":{"start":{"line":3,"column":0},"end":{"line":3,"column":13}},"1":{"start":{"line":7,"column":21},"end":{"line":7,"column":45}},"2":{"start":{"line":8,"column":21},"end":{"line":8,"column":36}},"3":{"start":{"line":4,"column":10},"end":{"line":4,"column":30}},"4":{"start":{"line":11,"column":2},"end":{"line":13,"column":null}},"5":{"start":{"line":12,"column":4},"end":{"line":12,"column":29}},"6":{"start":{"line":16,"column":4},"end":{"line":16,"column":36}},"7":{"start":{"line":19,"column":2},"end":{"line":21,"column":null}},"8":{"start":{"line":20,"column":4},"end":{"line":20,"column":30}},"9":{"start":{"line":23,"column":2},"end":{"line":25,"column":null}},"10":{"start":{"line":24,"column":4},"end":{"line":24,"column":24}},"11":{"start":{"line":26,"column":0},"end":{"line":26,"column":null}},"12":{"start":{"line":3,"column":13},"end":{"line":3,"column":17}}},"fnMap":{"0":{"name":"(anonymous_0)","decl":{"start":{"line":3,"column":0},"end":{"line":3,"column":13}},"loc":{"start":{"line":3,"column":0},"end":{"line":26,"column":null}}},"1":{"name":"Spot","decl":{"start":{"line":6,"column":2},"end":{"line":6,"column":null}},"loc":{"start":{"line":8,"column":36},"end":{"line":9,"column":6}}},"2":{"name":"(anonymous_2)","decl":{"start":{"line":11,"column":2},"end":{"line":11,"column":6}},"loc":{"start":{"line":11,"column":2},"end":{"line":13,"column":3}}},"3":{"name":"(anonymous_3)","decl":{"start":{"line":15,"column":2},"end":{"line":15,"column":18}},"loc":{"start":{"line":15,"column":38},"end":{"line":17,"column":3}}},"4":{"name":"(anonymous_4)","decl":{"start":{"line":19,"column":2},"end":{"line":19,"column":6}},"loc":{"start":{"line":19,"column":2},"end":{"line":21,"column":3}}},"5":{"name":"(anonymous_5)","decl":{"start":{"line":23,"column":2},"end":{"line":23,"column":6}},"loc":{"start":{"line":23,"column":2},"end":{"line":25,"column":3}}}},"branchMap":{},"s":{"0":1,"1":3392,"2":3392,"3":3392,"4":1,"5":28,"6":31,"7":1,"8":2908,"9":1,"10":40,"11":1,"12":1},"f":{"0":1,"1":3392,"2":28,"3":31,"4":2908,"5":40},"b":{}}
,"/Users/malindaperera/Documents/Projects/interviews/sahaj/src/Ticket.ts": {"path":"/Users/malindaperera/Documents/Projects/interviews/sahaj/src/Ticket.ts","statementMap":{"0":{"start":{"line":3,"column":0},"end":{"line":3,"column":13}},"1":{"start":{"line":7,"column":21},"end":{"line":7,"column":38}},"2":{"start":{"line":8,"column":21},"end":{"line":8,"column":38}},"3":{"start":{"line":9,"column":21},"end":{"line":9,"column":41}},"4":{"start":{"line":10,"column":21},"end":{"line":10,"column":40}},"5":{"start":{"line":4,"column":12},"end":{"line":4,"column":46}},"6":{"start":{"line":13,"column":2},"end":{"line":15,"column":null}},"7":{"start":{"line":14,"column":4},"end":{"line":14,"column":26}},"8":{"start":{"line":17,"column":2},"end":{"line":19,"column":null}},"9":{"start":{"line":18,"column":4},"end":{"line":18,"column":25}},"10":{"start":{"line":21,"column":2},"end":{"line":23,"column":null}},"11":{"start":{"line":22,"column":4},"end":{"line":22,"column":31}},"12":{"start":{"line":25,"column":2},"end":{"line":27,"column":null}},"13":{"start":{"line":26,"column":4},"end":{"line":26,"column":28}},"14":{"start":{"line":29,"column":2},"end":{"line":31,"column":null}},"15":{"start":{"line":30,"column":4},"end":{"line":30,"column":30}},"16":{"start":{"line":34,"column":4},"end":{"line":34,"column":30}},"17":{"start":{"line":36,"column":0},"end":{"line":36,"column":null}},"18":{"start":{"line":3,"column":13},"end":{"line":3,"column":19}}},"fnMap":{"0":{"name":"(anonymous_0)","decl":{"start":{"line":3,"column":0},"end":{"line":3,"column":13}},"loc":{"start":{"line":3,"column":0},"end":{"line":36,"column":null}}},"1":{"name":"Ticket","decl":{"start":{"line":6,"column":2},"end":{"line":6,"column":null}},"loc":{"start":{"line":10,"column":40},"end":{"line":11,"column":6}}},"2":{"name":"(anonymous_2)","decl":{"start":{"line":13,"column":2},"end":{"line":13,"column":6}},"loc":{"start":{"line":13,"column":2},"end":{"line":15,"column":3}}},"3":{"name":"(anonymous_3)","decl":{"start":{"line":17,"column":2},"end":{"line":17,"column":6}},"loc":{"start":{"line":17,"column":2},"end":{"line":19,"column":3}}},"4":{"name":"(anonymous_4)","decl":{"start":{"line":21,"column":2},"end":{"line":21,"column":6}},"loc":{"start":{"line":21,"column":2},"end":{"line":23,"column":3}}},"5":{"name":"(anonymous_5)","decl":{"start":{"line":25,"column":2},"end":{"line":25,"column":6}},"loc":{"start":{"line":25,"column":2},"end":{"line":27,"column":3}}},"6":{"name":"(anonymous_6)","decl":{"start":{"line":29,"column":2},"end":{"line":29,"column":6}},"loc":{"start":{"line":29,"column":2},"end":{"line":31,"column":3}}},"7":{"name":"(anonymous_7)","decl":{"start":{"line":33,"column":2},"end":{"line":33,"column":19}},"loc":{"start":{"line":33,"column":36},"end":{"line":35,"column":3}}}},"branchMap":{},"s":{"0":1,"1":16,"2":16,"3":16,"4":16,"5":16,"6":1,"7":16,"8":1,"9":31,"10":1,"11":46,"12":1,"13":40,"14":1,"15":46,"16":15,"17":1,"18":1},"f":{"0":1,"1":16,"2":16,"3":31,"4":46,"5":40,"6":46,"7":15},"b":{}}
,"/Users/malindaperera/Documents/Projects/interviews/sahaj/src/Vehicle.ts": {"path":"/Users/malindaperera/Documents/Projects/interviews/sahaj/src/Vehicle.ts","statementMap":{"0":{"start":{"line":1,"column":0},"end":{"line":1,"column":null}},"1":{"start":{"line":2,"column":2},"end":{"line":2,"column":null}},"2":{"start":{"line":3,"column":2},"end":{"line":3,"column":null}},"3":{"start":{"line":4,"column":2},"end":{"line":4,"column":null}},"4":{"start":{"line":5,"column":2},"end":{"line":5,"column":null}},"5":{"start":{"line":6,"column":2},"end":{"line":6,"column":null}},"6":{"start":{"line":7,"column":2},"end":{"line":7,"column":null}}},"fnMap":{"0":{"name":"(anonymous_0)","decl":{"start":{"line":1,"column":0},"end":{"line":1,"column":12}},"loc":{"start":{"line":1,"column":19},"end":{"line":8,"column":1}}}},"branchMap":{"0":{"loc":{"start":{"line":1,"column":12},"end":{"line":1,"column":null}},"type":"binary-expr","locations":[{"start":{"line":1,"column":12},"end":{"line":1,"column":19}},{"start":{"line":1,"column":12},"end":{"line":1,"column":null}}]}},"s":{"0":4,"1":4,"2":4,"3":4,"4":4,"5":4,"6":4},"f":{"0":4},"b":{"0":[4,4]}}
,"/Users/malindaperera/Documents/Projects/interviews/sahaj/src/fee-processors/AirportFeeProcessor.ts": {"path":"/Users/malindaperera/Documents/Projects/interviews/sahaj/src/fee-processors/AirportFeeProcessor.ts","statementMap":{"0":{"start":{"line":2,"column":0},"end":{"line":2,"column":37}},"1":{"start":{"line":4,"column":0},"end":{"line":4,"column":13}},"2":{"start":{"line":5,"column":2},"end":{"line":18,"column":null}},"3":{"start":{"line":6,"column":18},"end":{"line":6,"column":39}},"4":{"start":{"line":8,"column":4},"end":{"line":17,"column":null}},"5":{"start":{"line":11,"column":8},"end":{"line":11,"column":53}},"6":{"start":{"line":14,"column":8},"end":{"line":14,"column":54}},"7":{"start":{"line":16,"column":8},"end":{"line":16,"column":64}},"8":{"start":{"line":20,"column":10},"end":{"line":34,"column":null}},"9":{"start":{"line":21,"column":4},"end":{"line":23,"column":null}},"10":{"start":{"line":22,"column":6},"end":{"line":22,"column":15}},"11":{"start":{"line":25,"column":4},"end":{"line":27,"column":null}},"12":{"start":{"line":26,"column":6},"end":{"line":26,"column":16}},"13":{"start":{"line":29,"column":4},"end":{"line":31,"column":null}},"14":{"start":{"line":30,"column":6},"end":{"line":30,"column":16}},"15":{"start":{"line":33,"column":4},"end":{"line":33,"column":38}},"16":{"start":{"line":36,"column":10},"end":{"line":46,"column":null}},"17":{"start":{"line":37,"column":4},"end":{"line":39,"column":null}},"18":{"start":{"line":38,"column":6},"end":{"line":38,"column":16}},"19":{"start":{"line":41,"column":4},"end":{"line":43,"column":null}},"20":{"start":{"line":42,"column":6},"end":{"line":42,"column":16}},"21":{"start":{"line":45,"column":4},"end":{"line":45,"column":39}},"22":{"start":{"line":47,"column":0},"end":{"line":47,"column":null}},"23":{"start":{"line":4,"column":13},"end":{"line":4,"column":32}}},"fnMap":{"0":{"name":"(anonymous_0)","decl":{"start":{"line":4,"column":0},"end":{"line":4,"column":13}},"loc":{"start":{"line":4,"column":0},"end":{"line":47,"column":null}}},"1":{"name":"(anonymous_2)","decl":{"start":{"line":5,"column":2},"end":{"line":5,"column":11}},"loc":{"start":{"line":5,"column":47},"end":{"line":18,"column":3}}},"2":{"name":"(anonymous_3)","decl":{"start":{"line":20,"column":2},"end":{"line":20,"column":10}},"loc":{"start":{"line":20,"column":49},"end":{"line":34,"column":3}}},"3":{"name":"(anonymous_4)","decl":{"start":{"line":36,"column":2},"end":{"line":36,"column":10}},"loc":{"start":{"line":36,"column":50},"end":{"line":46,"column":3}}}},"branchMap":{"0":{"loc":{"start":{"line":8,"column":4},"end":{"line":17,"column":null}},"type":"switch","locations":[{"start":{"line":9,"column":6},"end":{"line":9,"column":30}},{"start":{"line":10,"column":6},"end":{"line":11,"column":53}},{"start":{"line":12,"column":6},"end":{"line":12,"column":23}},{"start":{"line":13,"column":6},"end":{"line":14,"column":54}},{"start":{"line":15,"column":6},"end":{"line":16,"column":64}}]},"1":{"loc":{"start":{"line":21,"column":4},"end":{"line":23,"column":null}},"type":"if","locations":[{"start":{"line":21,"column":4},"end":{"line":23,"column":null}}]},"2":{"loc":{"start":{"line":21,"column":8},"end":{"line":21,"column":31}},"type":"binary-expr","locations":[{"start":{"line":21,"column":8},"end":{"line":21,"column":18}},{"start":{"line":21,"column":22},"end":{"line":21,"column":31}}]},"3":{"loc":{"start":{"line":25,"column":4},"end":{"line":27,"column":null}},"type":"if","locations":[{"start":{"line":25,"column":4},"end":{"line":27,"column":null}}]},"4":{"loc":{"start":{"line":25,"column":8},"end":{"line":25,"column":31}},"type":"binary-expr","locations":[{"start":{"line":25,"column":8},"end":{"line":25,"column":18}},{"start":{"line":25,"column":22},"end":{"line":25,"column":31}}]},"5":{"loc":{"start":{"line":29,"column":4},"end":{"line":31,"column":null}},"type":"if","locations":[{"start":{"line":29,"column":4},"end":{"line":31,"column":null}}]},"6":{"loc":{"start":{"line":29,"column":8},"end":{"line":29,"column":32}},"type":"binary-expr","locations":[{"start":{"line":29,"column":8},"end":{"line":29,"column":18}},{"start":{"line":29,"column":22},"end":{"line":29,"column":32}}]},"7":{"loc":{"start":{"line":37,"column":4},"end":{"line":39,"column":null}},"type":"if","locations":[{"start":{"line":37,"column":4},"end":{"line":39,"column":null}}]},"8":{"loc":{"start":{"line":37,"column":8},"end":{"line":37,"column":32}},"type":"binary-expr","locations":[{"start":{"line":37,"column":8},"end":{"line":37,"column":18}},{"start":{"line":37,"column":22},"end":{"line":37,"column":32}}]},"9":{"loc":{"start":{"line":41,"column":4},"end":{"line":43,"column":null}},"type":"if","locations":[{"start":{"line":41,"column":4},"end":{"line":43,"column":null}}]},"10":{"loc":{"start":{"line":41,"column":8},"end":{"line":41,"column":33}},"type":"binary-expr","locations":[{"start":{"line":41,"column":8},"end":{"line":41,"column":19}},{"start":{"line":41,"column":23},"end":{"line":41,"column":33}}]}},"s":{"0":2,"1":2,"2":2,"3":43,"4":43,"5":23,"6":19,"7":1,"8":2,"9":23,"10":5,"11":18,"12":4,"13":14,"14":5,"15":9,"16":2,"17":19,"18":5,"19":14,"20":5,"21":9,"22":2,"23":2},"f":{"0":40,"1":43,"2":23,"3":19},"b":{"0":[13,23,10,19,1],"1":[5],"2":[23,23],"3":[4],"4":[18,18],"5":[5],"6":[14,14],"7":[5],"8":[19,19],"9":[5],"10":[14,14]}}
,"/Users/malindaperera/Documents/Projects/interviews/sahaj/src/fee-processors/MallFeeProcessor.ts": {"path":"/Users/malindaperera/Documents/Projects/interviews/sahaj/src/fee-processors/MallFeeProcessor.ts","statementMap":{"0":{"start":{"line":3,"column":0},"end":{"line":3,"column":37}},"1":{"start":{"line":5,"column":0},"end":{"line":5,"column":13}},"2":{"start":{"line":6,"column":2},"end":{"line":20,"column":null}},"3":{"start":{"line":7,"column":18},"end":{"line":7,"column":38}},"4":{"start":{"line":9,"column":4},"end":{"line":19,"column":null}},"5":{"start":{"line":12,"column":8},"end":{"line":12,"column":26}},"6":{"start":{"line":15,"column":8},"end":{"line":15,"column":26}},"7":{"start":{"line":18,"column":8},"end":{"line":18,"column":26}},"8":{"start":{"line":21,"column":0},"end":{"line":21,"column":null}},"9":{"start":{"line":5,"column":13},"end":{"line":5,"column":29}}},"fnMap":{"0":{"name":"(anonymous_0)","decl":{"start":{"line":5,"column":0},"end":{"line":5,"column":13}},"loc":{"start":{"line":5,"column":0},"end":{"line":21,"column":null}}},"1":{"name":"(anonymous_2)","decl":{"start":{"line":6,"column":2},"end":{"line":6,"column":11}},"loc":{"start":{"line":6,"column":47},"end":{"line":20,"column":3}}}},"branchMap":{"0":{"loc":{"start":{"line":9,"column":4},"end":{"line":19,"column":null}},"type":"switch","locations":[{"start":{"line":10,"column":6},"end":{"line":10,"column":30}},{"start":{"line":11,"column":6},"end":{"line":12,"column":26}},{"start":{"line":13,"column":6},"end":{"line":13,"column":23}},{"start":{"line":14,"column":6},"end":{"line":15,"column":26}},{"start":{"line":16,"column":6},"end":{"line":16,"column":23}},{"start":{"line":17,"column":6},"end":{"line":18,"column":26}}]}},"s":{"0":2,"1":2,"2":2,"3":17,"4":17,"5":7,"6":5,"7":5,"8":2,"9":2},"f":{"0":16,"1":17},"b":{"0":[4,7,3,5,2,5]}}
,"/Users/malindaperera/Documents/Projects/interviews/sahaj/src/fee-processors/StadiumFeeProcessor.ts": {"path":"/Users/malindaperera/Documents/Projects/interviews/sahaj/src/fee-processors/StadiumFeeProcessor.ts","statementMap":{"0":{"start":{"line":2,"column":0},"end":{"line":2,"column":37}},"1":{"start":{"line":4,"column":0},"end":{"line":4,"column":13}},"2":{"start":{"line":5,"column":2},"end":{"line":18,"column":null}},"3":{"start":{"line":6,"column":18},"end":{"line":6,"column":39}},"4":{"start":{"line":8,"column":4},"end":{"line":17,"column":null}},"5":{"start":{"line":11,"column":8},"end":{"line":11,"column":53}},"6":{"start":{"line":14,"column":8},"end":{"line":14,"column":54}},"7":{"start":{"line":16,"column":8},"end":{"line":16,"column":64}},"8":{"start":{"line":20,"column":10},"end":{"line":30,"column":null}},"9":{"start":{"line":21,"column":4},"end":{"line":23,"column":null}},"10":{"start":{"line":22,"column":6},"end":{"line":22,"column":16}},"11":{"start":{"line":25,"column":4},"end":{"line":27,"column":null}},"12":{"start":{"line":26,"column":6},"end":{"line":26,"column":16}},"13":{"start":{"line":29,"column":4},"end":{"line":29,"column":35}},"14":{"start":{"line":32,"column":10},"end":{"line":42,"column":null}},"15":{"start":{"line":33,"column":4},"end":{"line":35,"column":null}},"16":{"start":{"line":34,"column":6},"end":{"line":34,"column":16}},"17":{"start":{"line":37,"column":4},"end":{"line":39,"column":null}},"18":{"start":{"line":38,"column":6},"end":{"line":38,"column":17}},"19":{"start":{"line":41,"column":4},"end":{"line":41,"column":36}},"20":{"start":{"line":43,"column":0},"end":{"line":43,"column":null}},"21":{"start":{"line":4,"column":13},"end":{"line":4,"column":32}}},"fnMap":{"0":{"name":"(anonymous_0)","decl":{"start":{"line":4,"column":0},"end":{"line":4,"column":13}},"loc":{"start":{"line":4,"column":0},"end":{"line":43,"column":null}}},"1":{"name":"(anonymous_2)","decl":{"start":{"line":5,"column":2},"end":{"line":5,"column":11}},"loc":{"start":{"line":5,"column":47},"end":{"line":18,"column":3}}},"2":{"name":"(anonymous_3)","decl":{"start":{"line":20,"column":2},"end":{"line":20,"column":10}},"loc":{"start":{"line":20,"column":49},"end":{"line":30,"column":3}}},"3":{"name":"(anonymous_4)","decl":{"start":{"line":32,"column":2},"end":{"line":32,"column":10}},"loc":{"start":{"line":32,"column":50},"end":{"line":42,"column":3}}}},"branchMap":{"0":{"loc":{"start":{"line":8,"column":4},"end":{"line":17,"column":null}},"type":"switch","locations":[{"start":{"line":9,"column":6},"end":{"line":9,"column":30}},{"start":{"line":10,"column":6},"end":{"line":11,"column":53}},{"start":{"line":12,"column":6},"end":{"line":12,"column":23}},{"start":{"line":13,"column":6},"end":{"line":14,"column":54}},{"start":{"line":15,"column":6},"end":{"line":16,"column":64}}]},"1":{"loc":{"start":{"line":21,"column":4},"end":{"line":23,"column":null}},"type":"if","locations":[{"start":{"line":21,"column":4},"end":{"line":23,"column":null}}]},"2":{"loc":{"start":{"line":21,"column":8},"end":{"line":21,"column":31}},"type":"binary-expr","locations":[{"start":{"line":21,"column":8},"end":{"line":21,"column":18}},{"start":{"line":21,"column":22},"end":{"line":21,"column":31}}]},"3":{"loc":{"start":{"line":25,"column":4},"end":{"line":27,"column":null}},"type":"if","locations":[{"start":{"line":25,"column":4},"end":{"line":27,"column":null}}]},"4":{"loc":{"start":{"line":25,"column":8},"end":{"line":25,"column":32}},"type":"binary-expr","locations":[{"start":{"line":25,"column":8},"end":{"line":25,"column":18}},{"start":{"line":25,"column":22},"end":{"line":25,"column":32}}]},"5":{"loc":{"start":{"line":33,"column":4},"end":{"line":35,"column":null}},"type":"if","locations":[{"start":{"line":33,"column":4},"end":{"line":35,"column":null}}]},"6":{"loc":{"start":{"line":33,"column":8},"end":{"line":33,"column":31}},"type":"binary-expr","locations":[{"start":{"line":33,"column":8},"end":{"line":33,"column":18}},{"start":{"line":33,"column":22},"end":{"line":33,"column":31}}]},"7":{"loc":{"start":{"line":37,"column":4},"end":{"line":39,"column":null}},"type":"if","locations":[{"start":{"line":37,"column":4},"end":{"line":39,"column":null}}]},"8":{"loc":{"start":{"line":37,"column":8},"end":{"line":37,"column":32}},"type":"binary-expr","locations":[{"start":{"line":37,"column":8},"end":{"line":37,"column":18}},{"start":{"line":37,"column":22},"end":{"line":37,"column":32}}]}},"s":{"0":2,"1":2,"2":2,"3":27,"4":27,"5":14,"6":12,"7":1,"8":2,"9":14,"10":5,"11":9,"12":4,"13":5,"14":2,"15":12,"16":4,"17":8,"18":5,"19":3,"20":2,"21":2},"f":{"0":26,"1":27,"2":14,"3":12},"b":{"0":[8,14,5,12,1],"1":[5],"2":[14,14],"3":[4],"4":[9,9],"5":[4],"6":[12,12],"7":[5],"8":[8,8]}}
}
