TN:
SF:src/Lot.ts
FN:7,(anonymous_1)
FN:11,Lot
FN:16,(anonymous_3)
FN:35,(anonymous_4)
FN:65,(anonymous_5)
FN:70,Builder
FN:72,(anonymous_7)
FN:77,(anonymous_8)
FN:82,(anonymous_9)
FN:87,(anonymous_10)
FN:91,(anonymous_11)
FN:96,(anonymous_12)
FN:100,(anonymous_13)
FNF:13
FNH:13
FNDA:1,(anonymous_1)
FNDA:4,Lot
FNDA:17,(anonymous_3)
FNDA:15,(anonymous_4)
FNDA:1,(anonymous_5)
FNDA:4,Builder
FNDA:4,(anonymous_7)
FNDA:3,(anonymous_8)
FNDA:1,(anonymous_9)
FNDA:4,(anonymous_10)
FNDA:1302,(anonymous_11)
FNDA:2080,(anonymous_12)
FNDA:10,(anonymous_13)
DA:2,1
DA:3,1
DA:4,1
DA:5,1
DA:7,1
DA:8,4
DA:9,4
DA:12,4
DA:13,4
DA:16,1
DA:18,2908
DA:19,2908
DA:20,16
DA:22,16
DA:32,1
DA:35,1
DA:37,15
DA:38,15
DA:41,15
DA:44,15
DA:47,24
DA:48,24
DA:49,15
DA:50,15
DA:55,15
DA:65,1
DA:66,4
DA:67,4
DA:68,4
DA:70,4
DA:72,1
DA:73,4
DA:74,4
DA:77,1
DA:78,3
DA:79,3
DA:82,1
DA:83,1
DA:84,1
DA:87,1
DA:88,4
DA:92,1302
DA:96,2080
DA:100,10
DA:104,4
DA:106,1
DA:107,1
LF:47
LH:47
BRDA:19,0,0,16
BRDA:19,1,0,2908
BRDA:19,1,1,28
BRDA:48,2,0,15
BRF:4
BRH:4
end_of_record
TN:
SF:src/Reciept.ts
FN:3,(anonymous_0)
FN:4,Reciept
FN:10,(anonymous_2)
FN:14,(anonymous_3)
FN:18,(anonymous_4)
FNF:5
FNH:5
FNDA:1,(anonymous_0)
FNDA:15,Reciept
FNDA:15,(anonymous_2)
FNDA:30,(anonymous_3)
FNDA:15,(anonymous_4)
DA:3,1
DA:5,15
DA:6,15
DA:7,15
DA:10,1
DA:11,15
DA:14,1
DA:15,30
DA:18,1
DA:19,15
DA:21,1
LF:11
LH:11
BRF:0
BRH:0
end_of_record
TN:
SF:src/Spot.ts
FN:3,(anonymous_0)
FN:6,Spot
FN:11,(anonymous_2)
FN:15,(anonymous_3)
FN:19,(anonymous_4)
FN:23,(anonymous_5)
FNF:6
FNH:6
FNDA:1,(anonymous_0)
FNDA:3392,Spot
FNDA:28,(anonymous_2)
FNDA:31,(anonymous_3)
FNDA:2908,(anonymous_4)
FNDA:40,(anonymous_5)
DA:3,1
DA:4,3392
DA:7,3392
DA:8,3392
DA:11,1
DA:12,28
DA:16,31
DA:19,1
DA:20,2908
DA:23,1
DA:24,40
DA:26,1
LF:12
LH:12
BRF:0
BRH:0
end_of_record
TN:
SF:src/Ticket.ts
FN:3,(anonymous_0)
FN:6,Ticket
FN:13,(anonymous_2)
FN:17,(anonymous_3)
FN:21,(anonymous_4)
FN:25,(anonymous_5)
FN:29,(anonymous_6)
FN:33,(anonymous_7)
FNF:8
FNH:8
FNDA:1,(anonymous_0)
FNDA:16,Ticket
FNDA:16,(anonymous_2)
FNDA:31,(anonymous_3)
FNDA:46,(anonymous_4)
FNDA:40,(anonymous_5)
FNDA:46,(anonymous_6)
FNDA:15,(anonymous_7)
DA:3,1
DA:4,16
DA:7,16
DA:8,16
DA:9,16
DA:10,16
DA:13,1
DA:14,16
DA:17,1
DA:18,31
DA:21,1
DA:22,46
DA:25,1
DA:26,40
DA:29,1
DA:30,46
DA:34,15
DA:36,1
LF:18
LH:18
BRF:0
BRH:0
end_of_record
TN:
SF:src/Vehicle.ts
FN:1,(anonymous_0)
FNF:1
FNH:1
FNDA:4,(anonymous_0)
DA:1,4
DA:2,4
DA:3,4
DA:4,4
DA:5,4
DA:6,4
DA:7,4
LF:7
LH:7
BRDA:1,0,0,4
BRDA:1,0,1,4
BRF:2
BRH:2
end_of_record
TN:
SF:src/fee-processors/AirportFeeProcessor.ts
FN:4,(anonymous_0)
FN:5,(anonymous_2)
FN:20,(anonymous_3)
FN:36,(anonymous_4)
FNF:4
FNH:4
FNDA:40,(anonymous_0)
FNDA:43,(anonymous_2)
FNDA:23,(anonymous_3)
FNDA:19,(anonymous_4)
DA:2,2
DA:4,2
DA:5,2
DA:6,43
DA:8,43
DA:11,23
DA:14,19
DA:16,1
DA:20,2
DA:21,23
DA:22,5
DA:25,18
DA:26,4
DA:29,14
DA:30,5
DA:33,9
DA:36,2
DA:37,19
DA:38,5
DA:41,14
DA:42,5
DA:45,9
DA:47,2
LF:23
LH:23
BRDA:8,0,0,13
BRDA:8,0,1,23
BRDA:8,0,2,10
BRDA:8,0,3,19
BRDA:8,0,4,1
BRDA:21,1,0,5
BRDA:21,2,0,23
BRDA:21,2,1,23
BRDA:25,3,0,4
BRDA:25,4,0,18
BRDA:25,4,1,18
BRDA:29,5,0,5
BRDA:29,6,0,14
BRDA:29,6,1,14
BRDA:37,7,0,5
BRDA:37,8,0,19
BRDA:37,8,1,19
BRDA:41,9,0,5
BRDA:41,10,0,14
BRDA:41,10,1,14
BRF:20
BRH:20
end_of_record
TN:
SF:src/fee-processors/MallFeeProcessor.ts
FN:5,(anonymous_0)
FN:6,(anonymous_2)
FNF:2
FNH:2
FNDA:16,(anonymous_0)
FNDA:17,(anonymous_2)
DA:3,2
DA:5,2
DA:6,2
DA:7,17
DA:9,17
DA:12,7
DA:15,5
DA:18,5
DA:21,2
LF:9
LH:9
BRDA:9,0,0,4
BRDA:9,0,1,7
BRDA:9,0,2,3
BRDA:9,0,3,5
BRDA:9,0,4,2
BRDA:9,0,5,5
BRF:6
BRH:6
end_of_record
TN:
SF:src/fee-processors/StadiumFeeProcessor.ts
FN:4,(anonymous_0)
FN:5,(anonymous_2)
FN:20,(anonymous_3)
FN:32,(anonymous_4)
FNF:4
FNH:4
FNDA:26,(anonymous_0)
FNDA:27,(anonymous_2)
FNDA:14,(anonymous_3)
FNDA:12,(anonymous_4)
DA:2,2
DA:4,2
DA:5,2
DA:6,27
DA:8,27
DA:11,14
DA:14,12
DA:16,1
DA:20,2
DA:21,14
DA:22,5
DA:25,9
DA:26,4
DA:29,5
DA:32,2
DA:33,12
DA:34,4
DA:37,8
DA:38,5
DA:41,3
DA:43,2
LF:21
LH:21
BRDA:8,0,0,8
BRDA:8,0,1,14
BRDA:8,0,2,5
BRDA:8,0,3,12
BRDA:8,0,4,1
BRDA:21,1,0,5
BRDA:21,2,0,14
BRDA:21,2,1,14
BRDA:25,3,0,4
BRDA:25,4,0,9
BRDA:25,4,1,9
BRDA:33,5,0,4
BRDA:33,6,0,12
BRDA:33,6,1,12
BRDA:37,7,0,5
BRDA:37,8,0,8
BRDA:37,8,1,8
BRF:17
BRH:17
end_of_record
